<?xml version="1.0" encoding="UTF-8"?>
<!-- Generated by org.testng.reporters.JUnitXMLReporter -->
<testsuite ignored="1" hostname="LAPTOP-DKKEHFU6" failures="0" tests="4" name="Test" time="10.66" errors="0" timestamp="2021-07-06T00:16:45 IST">
  <testcase classname="testng.Test2" name="chats" time="0.007"/>
  <testcase classname="testng.Test2" name="settings" time="0.001"/>
  <testcase classname="testng.Test2" name="settings" time="0.001"/>
  <testcase classname="testng.Test3" name="login" time="0.186"/>
  <testcase classname="testng.Test2" name="calls" time="0.0">
    <ignored/>
  </testcase> <!-- calls -->
</testsuite> <!-- Test -->
